2018-10-04 16:23:51 Error: [Cake\Database\Exception] SQLSTATE[42S02]: Base table or view not found: 1146 Table 'advertisingagencies.files_table' doesn't exist in C:\Program Files (x86)\Ampps\www\Cakephp3-10\LaurenPerez_tp1\vendor\cakephp\cakephp\src\Database\Schema\Collection.php on line 131
Stack Trace:
#0 C:\Program Files (x86)\Ampps\www\Cakephp3-10\LaurenPerez_tp1\vendor\cakephp\cakephp\src\Database\Schema\Collection.php(97): Cake\Database\Schema\Collection->_reflect('Column', 'files_table', Array, Object(Cake\Database\Schema\TableSchema))
#1 C:\Program Files (x86)\Ampps\www\Cakephp3-10\LaurenPerez_tp1\vendor\cakephp\cakephp\src\Database\Schema\CachedCollection.php(63): Cake\Database\Schema\Collection->describe('files_table', Array)
#2 C:\Program Files (x86)\Ampps\www\Cakephp3-10\LaurenPerez_tp1\vendor\cakephp\cakephp\src\ORM\Table.php(548): Cake\Database\Schema\CachedCollection->describe('files_table')
#3 C:\Program Files (x86)\Ampps\www\Cakephp3-10\LaurenPerez_tp1\vendor\cakephp\cakephp\src\ORM\Table.php(673): Cake\ORM\Table->getSchema()
#4 C:\Program Files (x86)\Ampps\www\Cakephp3-10\LaurenPerez_tp1\vendor\cakephp\bake\src\Shell\Task\ModelTask.php(220): Cake\ORM\Table->getPrimaryKey()
#5 C:\Program Files (x86)\Ampps\www\Cakephp3-10\LaurenPerez_tp1\vendor\cakephp\bake\src\Shell\Task\ModelTask.php(130): Bake\Shell\Task\ModelTask->getAssociations(Object(Cake\ORM\Table))
#6 C:\Program Files (x86)\Ampps\www\Cakephp3-10\LaurenPerez_tp1\vendor\cakephp\bake\src\Shell\Task\ModelTask.php(113): Bake\Shell\Task\ModelTask->getTableContext(Object(Cake\ORM\Table), 'files_table', 'FilesTable')
#7 C:\Program Files (x86)\Ampps\www\Cakephp3-10\LaurenPerez_tp1\vendor\cakephp\bake\src\Shell\Task\ModelTask.php(100): Bake\Shell\Task\ModelTask->bake('FilesTable')
#8 C:\Program Files (x86)\Ampps\www\Cakephp3-10\LaurenPerez_tp1\vendor\cakephp\cakephp\src\Console\Shell.php(532): Bake\Shell\Task\ModelTask->main('filesTable')
#9 C:\Program Files (x86)\Ampps\www\Cakephp3-10\LaurenPerez_tp1\vendor\cakephp\cakephp\src\Console\Shell.php(525): Cake\Console\Shell->runCommand(Array, false, Array)
#10 C:\Program Files (x86)\Ampps\www\Cakephp3-10\LaurenPerez_tp1\vendor\cakephp\cakephp\src\Console\CommandRunner.php(342): Cake\Console\Shell->runCommand(Array, true)
#11 C:\Program Files (x86)\Ampps\www\Cakephp3-10\LaurenPerez_tp1\vendor\cakephp\cakephp\src\Console\CommandRunner.php(164): Cake\Console\CommandRunner->runShell(Object(Bake\Shell\BakeShell), Array)
#12 C:\Program Files (x86)\Ampps\www\Cakephp3-10\LaurenPerez_tp1\bin\cake.php(12): Cake\Console\CommandRunner->run(Array)
#13 {main}


2018-10-10 06:02:33 Error: [Cake\Database\Exception] SQLSTATE[42S02]: Base table or view not found: 1146 Table 'advertisingagencies.file' doesn't exist in C:\Program Files (x86)\Ampps\www\LaurenPerez_tp1\vendor\cakephp\cakephp\src\Database\Schema\Collection.php on line 131
Stack Trace:
#0 C:\Program Files (x86)\Ampps\www\LaurenPerez_tp1\vendor\cakephp\cakephp\src\Database\Schema\Collection.php(97): Cake\Database\Schema\Collection->_reflect('Column', 'file', Array, Object(Cake\Database\Schema\TableSchema))
#1 C:\Program Files (x86)\Ampps\www\LaurenPerez_tp1\vendor\cakephp\cakephp\src\Database\Schema\CachedCollection.php(63): Cake\Database\Schema\Collection->describe('file', Array)
#2 C:\Program Files (x86)\Ampps\www\LaurenPerez_tp1\vendor\cakephp\cakephp\src\ORM\Table.php(548): Cake\Database\Schema\CachedCollection->describe('file')
#3 C:\Program Files (x86)\Ampps\www\LaurenPerez_tp1\vendor\cakephp\cakephp\src\ORM\Table.php(673): Cake\ORM\Table->getSchema()
#4 C:\Program Files (x86)\Ampps\www\LaurenPerez_tp1\vendor\cakephp\bake\src\Shell\Task\ModelTask.php(220): Cake\ORM\Table->getPrimaryKey()
#5 C:\Program Files (x86)\Ampps\www\LaurenPerez_tp1\vendor\cakephp\bake\src\Shell\Task\ModelTask.php(130): Bake\Shell\Task\ModelTask->getAssociations(Object(Cake\ORM\Table))
#6 C:\Program Files (x86)\Ampps\www\LaurenPerez_tp1\vendor\cakephp\bake\src\Shell\Task\ModelTask.php(113): Bake\Shell\Task\ModelTask->getTableContext(Object(Cake\ORM\Table), 'file', 'File')
#7 C:\Program Files (x86)\Ampps\www\LaurenPerez_tp1\vendor\cakephp\bake\src\Shell\Task\ModelTask.php(100): Bake\Shell\Task\ModelTask->bake('File')
#8 C:\Program Files (x86)\Ampps\www\LaurenPerez_tp1\vendor\cakephp\cakephp\src\Console\Shell.php(532): Bake\Shell\Task\ModelTask->main('file')
#9 C:\Program Files (x86)\Ampps\www\LaurenPerez_tp1\vendor\cakephp\cakephp\src\Console\Shell.php(525): Cake\Console\Shell->runCommand(Array, false, Array)
#10 C:\Program Files (x86)\Ampps\www\LaurenPerez_tp1\vendor\cakephp\cakephp\src\Console\CommandRunner.php(342): Cake\Console\Shell->runCommand(Array, true)
#11 C:\Program Files (x86)\Ampps\www\LaurenPerez_tp1\vendor\cakephp\cakephp\src\Console\CommandRunner.php(164): Cake\Console\CommandRunner->runShell(Object(Bake\Shell\BakeShell), Array)
#12 C:\Program Files (x86)\Ampps\www\LaurenPerez_tp1\bin\cake.php(12): Cake\Console\CommandRunner->run(Array)
#13 {main}


2018-11-05 17:42:02 Error: [Cake\Core\Exception\Exception] Unable to insert fixtures for "App\Test\TestCase\Controller\AgenciesControllerTest" test case. SQLSTATE[HY000] [1045] Access denied for user 'my_app'@'localhost' (using password: YES) in C:\Program Files (x86)\Ampps\www\Cakephp3-10\LaurenPerez_tp1\vendor\cakephp\cakephp\src\TestSuite\Fixture\FixtureManager.php on line 356
Stack Trace:
#0 C:\Program Files (x86)\Ampps\www\Cakephp3-10\LaurenPerez_tp1\vendor\cakephp\cakephp\src\TestSuite\Fixture\FixtureInjector.php(98): Cake\TestSuite\Fixture\FixtureManager->load(Object(App\Test\TestCase\Controller\AgenciesControllerTest))
#1 C:\Program Files (x86)\Ampps\www\Cakephp3-10\LaurenPerez_tp1\vendor\phpunit\phpunit\src\Framework\TestResult.php(395): Cake\TestSuite\Fixture\FixtureInjector->startTest(Object(App\Test\TestCase\Controller\AgenciesControllerTest))
#2 C:\Program Files (x86)\Ampps\www\Cakephp3-10\LaurenPerez_tp1\vendor\phpunit\phpunit\src\Framework\TestResult.php(637): PHPUnit\Framework\TestResult->startTest(Object(App\Test\TestCase\Controller\AgenciesControllerTest))
#3 C:\Program Files (x86)\Ampps\www\Cakephp3-10\LaurenPerez_tp1\vendor\phpunit\phpunit\src\Framework\TestCase.php(894): PHPUnit\Framework\TestResult->run(Object(App\Test\TestCase\Controller\AgenciesControllerTest))
#4 C:\Program Files (x86)\Ampps\www\Cakephp3-10\LaurenPerez_tp1\vendor\phpunit\phpunit\src\Framework\TestSuite.php(755): PHPUnit\Framework\TestCase->run(Object(PHPUnit\Framework\TestResult))
#5 C:\Program Files (x86)\Ampps\www\Cakephp3-10\LaurenPerez_tp1\vendor\phpunit\phpunit\src\Framework\TestSuite.php(755): PHPUnit\Framework\TestSuite->run(Object(PHPUnit\Framework\TestResult))
#6 C:\Program Files (x86)\Ampps\www\Cakephp3-10\LaurenPerez_tp1\vendor\phpunit\phpunit\src\TextUI\TestRunner.php(545): PHPUnit\Framework\TestSuite->run(Object(PHPUnit\Framework\TestResult))
#7 C:\Program Files (x86)\Ampps\www\Cakephp3-10\LaurenPerez_tp1\vendor\phpunit\phpunit\src\TextUI\Command.php(195): PHPUnit\TextUI\TestRunner->doRun(Object(PHPUnit\Framework\TestSuite), Array, true)
#8 C:\Program Files (x86)\Ampps\www\Cakephp3-10\LaurenPerez_tp1\vendor\phpunit\phpunit\src\TextUI\Command.php(148): PHPUnit\TextUI\Command->run(Array, true)
#9 C:\Program Files (x86)\Ampps\www\Cakephp3-10\LaurenPerez_tp1\vendor\phpunit\phpunit\phpunit(53): PHPUnit\TextUI\Command::main()
#10 {main}


2018-11-05 18:02:36 Error: [Cake\Core\Exception\Exception] Unable to insert fixtures for "App\Test\TestCase\Controller\AgenciesControllerTest" test case. SQLSTATE[HY000] [1049] Unknown database 'advertisingagenciestest' in C:\Program Files (x86)\Ampps\www\Cakephp3-10\LaurenPerez_tp1\vendor\cakephp\cakephp\src\TestSuite\Fixture\FixtureManager.php on line 356
Stack Trace:
#0 C:\Program Files (x86)\Ampps\www\Cakephp3-10\LaurenPerez_tp1\vendor\cakephp\cakephp\src\TestSuite\Fixture\FixtureInjector.php(98): Cake\TestSuite\Fixture\FixtureManager->load(Object(App\Test\TestCase\Controller\AgenciesControllerTest))
#1 C:\Program Files (x86)\Ampps\www\Cakephp3-10\LaurenPerez_tp1\vendor\phpunit\phpunit\src\Framework\TestResult.php(395): Cake\TestSuite\Fixture\FixtureInjector->startTest(Object(App\Test\TestCase\Controller\AgenciesControllerTest))
#2 C:\Program Files (x86)\Ampps\www\Cakephp3-10\LaurenPerez_tp1\vendor\phpunit\phpunit\src\Framework\TestResult.php(637): PHPUnit\Framework\TestResult->startTest(Object(App\Test\TestCase\Controller\AgenciesControllerTest))
#3 C:\Program Files (x86)\Ampps\www\Cakephp3-10\LaurenPerez_tp1\vendor\phpunit\phpunit\src\Framework\TestCase.php(894): PHPUnit\Framework\TestResult->run(Object(App\Test\TestCase\Controller\AgenciesControllerTest))
#4 C:\Program Files (x86)\Ampps\www\Cakephp3-10\LaurenPerez_tp1\vendor\phpunit\phpunit\src\Framework\TestSuite.php(755): PHPUnit\Framework\TestCase->run(Object(PHPUnit\Framework\TestResult))
#5 C:\Program Files (x86)\Ampps\www\Cakephp3-10\LaurenPerez_tp1\vendor\phpunit\phpunit\src\Framework\TestSuite.php(755): PHPUnit\Framework\TestSuite->run(Object(PHPUnit\Framework\TestResult))
#6 C:\Program Files (x86)\Ampps\www\Cakephp3-10\LaurenPerez_tp1\vendor\phpunit\phpunit\src\TextUI\TestRunner.php(545): PHPUnit\Framework\TestSuite->run(Object(PHPUnit\Framework\TestResult))
#7 C:\Program Files (x86)\Ampps\www\Cakephp3-10\LaurenPerez_tp1\vendor\phpunit\phpunit\src\TextUI\Command.php(195): PHPUnit\TextUI\TestRunner->doRun(Object(PHPUnit\Framework\TestSuite), Array, true)
#8 C:\Program Files (x86)\Ampps\www\Cakephp3-10\LaurenPerez_tp1\vendor\phpunit\phpunit\src\TextUI\Command.php(148): PHPUnit\TextUI\Command->run(Array, true)
#9 C:\Program Files (x86)\Ampps\www\Cakephp3-10\LaurenPerez_tp1\vendor\phpunit\phpunit\phpunit(53): PHPUnit\TextUI\Command::main()
#10 {main}


