2018-10-08 18:29:25 Error: [PDOException] SQLSTATE[42S22]: Column not found: 1054 Unknown column 'Users.agencie_id' in 'on clause'
Request URL: /
Referer URL: http://localhost/
Stack Trace:
#0 C:\Program Files (x86)\Ampps\www\LaurenPerez_tp1\vendor\cakephp\cakephp\src\Database\Statement\MysqlStatement.php(39): PDOStatement->execute(NULL)
#1 C:\Program Files (x86)\Ampps\www\LaurenPerez_tp1\vendor\cakephp\cakephp\src\Database\Statement\StatementDecorator.php(195): Cake\Database\Statement\MysqlStatement->execute(NULL)
#2 C:\Program Files (x86)\Ampps\www\LaurenPerez_tp1\vendor\cakephp\cakephp\src\Database\Log\LoggingStatement.php(56): Cake\Database\Statement\StatementDecorator->execute(NULL)
#3 C:\Program Files (x86)\Ampps\www\LaurenPerez_tp1\vendor\cakephp\cakephp\src\Database\Connection.php(334): Cake\Database\Log\LoggingStatement->execute()
#4 C:\Program Files (x86)\Ampps\www\LaurenPerez_tp1\vendor\cakephp\cakephp\src\Core\Retry\CommandRetry.php(68): Cake\Database\Connection->Cake\Database\{closure}()
#5 C:\Program Files (x86)\Ampps\www\LaurenPerez_tp1\vendor\cakephp\cakephp\src\Database\Connection.php(337): Cake\Core\Retry\CommandRetry->run(Object(Closure))
#6 C:\Program Files (x86)\Ampps\www\LaurenPerez_tp1\vendor\cakephp\cakephp\src\Database\Query.php(219): Cake\Database\Connection->run(Object(Cake\ORM\Query))
#7 C:\Program Files (x86)\Ampps\www\LaurenPerez_tp1\vendor\cakephp\cakephp\src\ORM\Query.php(1127): Cake\Database\Query->execute()
#8 C:\Program Files (x86)\Ampps\www\LaurenPerez_tp1\vendor\cakephp\cakephp\src\Datasource\QueryTrait.php(309): Cake\ORM\Query->_execute()
#9 C:\Program Files (x86)\Ampps\www\LaurenPerez_tp1\vendor\cakephp\cakephp\src\ORM\Query.php(1074): Cake\ORM\Query->_all()
#10 C:\Program Files (x86)\Ampps\www\LaurenPerez_tp1\vendor\cakephp\cakephp\src\Datasource\Paginator.php(186): Cake\ORM\Query->all()
#11 C:\Program Files (x86)\Ampps\www\LaurenPerez_tp1\vendor\cakephp\cakephp\src\Controller\Component\PaginatorComponent.php(201): Cake\Datasource\Paginator->paginate(Object(App\Model\Table\UsersTable), Array, Array)
#12 C:\Program Files (x86)\Ampps\www\LaurenPerez_tp1\vendor\cakephp\cakephp\src\Controller\Controller.php(872): Cake\Controller\Component\PaginatorComponent->paginate(Object(App\Model\Table\UsersTable), Array)
#13 C:\Program Files (x86)\Ampps\www\LaurenPerez_tp1\src\Controller\UsersController.php(26): Cake\Controller\Controller->paginate(Object(App\Model\Table\UsersTable))
#14 C:\Program Files (x86)\Ampps\www\LaurenPerez_tp1\vendor\cakephp\cakephp\src\Controller\Controller.php(596): App\Controller\UsersController->index()
#15 C:\Program Files (x86)\Ampps\www\LaurenPerez_tp1\vendor\cakephp\cakephp\src\Http\ActionDispatcher.php(120): Cake\Controller\Controller->invokeAction()
#16 C:\Program Files (x86)\Ampps\www\LaurenPerez_tp1\vendor\cakephp\cakephp\src\Http\ActionDispatcher.php(94): Cake\Http\ActionDispatcher->_invoke(Object(App\Controller\UsersController))
#17 C:\Program Files (x86)\Ampps\www\LaurenPerez_tp1\vendor\cakephp\cakephp\src\Http\BaseApplication.php(235): Cake\Http\ActionDispatcher->dispatch(Object(Cake\Http\ServerRequest), Object(Cake\Http\Response))
#18 C:\Program Files (x86)\Ampps\www\LaurenPerez_tp1\vendor\cakephp\cakephp\src\Http\Runner.php(65): Cake\Http\BaseApplication->__invoke(Object(Cake\Http\ServerRequest), Object(Cake\Http\Response), Object(Cake\Http\Runner))
#19 C:\Program Files (x86)\Ampps\www\LaurenPerez_tp1\vendor\cakephp\cakephp\src\Http\Middleware\CsrfProtectionMiddleware.php(103): Cake\Http\Runner->__invoke(Object(Cake\Http\ServerRequest), Object(Cake\Http\Response))
#20 C:\Program Files (x86)\Ampps\www\LaurenPerez_tp1\vendor\cakephp\cakephp\src\Http\Runner.php(65): Cake\Http\Middleware\CsrfProtectionMiddleware->__invoke(Object(Cake\Http\ServerRequest), Object(Cake\Http\Response), Object(Cake\Http\Runner))
#21 C:\Program Files (x86)\Ampps\www\LaurenPerez_tp1\vendor\cakephp\cakephp\src\Routing\Middleware\RoutingMiddleware.php(156): Cake\Http\Runner->__invoke(Object(Cake\Http\ServerRequest), Object(Cake\Http\Response))
#22 C:\Program Files (x86)\Ampps\www\LaurenPerez_tp1\vendor\cakephp\cakephp\src\Http\Runner.php(65): Cake\Routing\Middleware\RoutingMiddleware->__invoke(Object(Cake\Http\ServerRequest), Object(Cake\Http\Response), Object(Cake\Http\Runner))
#23 C:\Program Files (x86)\Ampps\www\LaurenPerez_tp1\vendor\cakephp\cakephp\src\Routing\Middleware\AssetMiddleware.php(88): Cake\Http\Runner->__invoke(Object(Cake\Http\ServerRequest), Object(Cake\Http\Response))
#24 C:\Program Files (x86)\Ampps\www\LaurenPerez_tp1\vendor\cakephp\cakephp\src\Http\Runner.php(65): Cake\Routing\Middleware\AssetMiddleware->__invoke(Object(Cake\Http\ServerRequest), Object(Cake\Http\Response), Object(Cake\Http\Runner))
#25 C:\Program Files (x86)\Ampps\www\LaurenPerez_tp1\vendor\cakephp\cakephp\src\Error\Middleware\ErrorHandlerMiddleware.php(98): Cake\Http\Runner->__invoke(Object(Cake\Http\ServerRequest), Object(Cake\Http\Response))
#26 C:\Program Files (x86)\Ampps\www\LaurenPerez_tp1\vendor\cakephp\cakephp\src\Http\Runner.php(65): Cake\Error\Middleware\ErrorHandlerMiddleware->__invoke(Object(Cake\Http\ServerRequest), Object(Cake\Http\Response), Object(Cake\Http\Runner))
#27 C:\Program Files (x86)\Ampps\www\LaurenPerez_tp1\vendor\cakephp\debug_kit\src\Middleware\DebugKitMiddleware.php(53): Cake\Http\Runner->__invoke(Object(Cake\Http\ServerRequest), Object(Cake\Http\Response))
#28 C:\Program Files (x86)\Ampps\www\LaurenPerez_tp1\vendor\cakephp\cakephp\src\Http\Runner.php(65): DebugKit\Middleware\DebugKitMiddleware->__invoke(Object(Cake\Http\ServerRequest), Object(Cake\Http\Response), Object(Cake\Http\Runner))
#29 C:\Program Files (x86)\Ampps\www\LaurenPerez_tp1\vendor\cakephp\cakephp\src\Http\Runner.php(51): Cake\Http\Runner->__invoke(Object(Cake\Http\ServerRequest), Object(Cake\Http\Response))
#30 C:\Program Files (x86)\Ampps\www\LaurenPerez_tp1\vendor\cakephp\cakephp\src\Http\Server.php(98): Cake\Http\Runner->run(Object(Cake\Http\MiddlewareQueue), Object(Cake\Http\ServerRequest), Object(Cake\Http\Response))
#31 C:\Program Files (x86)\Ampps\www\LaurenPerez_tp1\webroot\index.php(40): Cake\Http\Server->run()
#32 {main}


2018-10-09 04:29:48 Error: [InvalidArgumentException] The Codes association is not defined on Users.
Request URL: /
Referer URL: http://localhost/
Stack Trace:
#0 C:\Program Files (x86)\Ampps\www\LaurenPerez_tp1\vendor\cakephp\cakephp\src\ORM\EagerLoader.php(539): Cake\ORM\Table->getAssociation('Codes')
#1 C:\Program Files (x86)\Ampps\www\LaurenPerez_tp1\vendor\cakephp\cakephp\src\ORM\EagerLoader.php(366): Cake\ORM\EagerLoader->_normalizeContain(Object(App\Model\Table\UsersTable), 'Codes', Array, Array)
#2 C:\Program Files (x86)\Ampps\www\LaurenPerez_tp1\vendor\cakephp\cakephp\src\ORM\EagerLoader.php(495): Cake\ORM\EagerLoader->normalized(Object(App\Model\Table\UsersTable))
#3 C:\Program Files (x86)\Ampps\www\LaurenPerez_tp1\vendor\cakephp\cakephp\src\ORM\EagerLoader.php(466): Cake\ORM\EagerLoader->attachableAssociations(Object(App\Model\Table\UsersTable))
#4 C:\Program Files (x86)\Ampps\www\LaurenPerez_tp1\vendor\cakephp\cakephp\src\ORM\Query.php(1157): Cake\ORM\EagerLoader->attachAssociations(Object(Cake\ORM\Query), Object(App\Model\Table\UsersTable), true)
#5 C:\Program Files (x86)\Ampps\www\LaurenPerez_tp1\vendor\cakephp\cakephp\src\ORM\Query.php(1106): Cake\ORM\Query->_transformQuery()
#6 C:\Program Files (x86)\Ampps\www\LaurenPerez_tp1\vendor\cakephp\cakephp\src\Database\Driver\Mysql.php(138): Cake\ORM\Query->sql()
#7 C:\Program Files (x86)\Ampps\www\LaurenPerez_tp1\vendor\cakephp\cakephp\src\Database\Connection.php(275): Cake\Database\Driver\Mysql->prepare(Object(Cake\ORM\Query))
#8 C:\Program Files (x86)\Ampps\www\LaurenPerez_tp1\vendor\cakephp\cakephp\src\Core\Retry\CommandRetry.php(68): Cake\Database\Connection->Cake\Database\{closure}()
#9 C:\Program Files (x86)\Ampps\www\LaurenPerez_tp1\vendor\cakephp\cakephp\src\Database\Connection.php(282): Cake\Core\Retry\CommandRetry->run(Object(Closure))
#10 C:\Program Files (x86)\Ampps\www\LaurenPerez_tp1\vendor\cakephp\cakephp\src\Database\Connection.php(332): Cake\Database\Connection->prepare(Object(Cake\ORM\Query))
#11 C:\Program Files (x86)\Ampps\www\LaurenPerez_tp1\vendor\cakephp\cakephp\src\Core\Retry\CommandRetry.php(68): Cake\Database\Connection->Cake\Database\{closure}()
#12 C:\Program Files (x86)\Ampps\www\LaurenPerez_tp1\vendor\cakephp\cakephp\src\Database\Connection.php(337): Cake\Core\Retry\CommandRetry->run(Object(Closure))
#13 C:\Program Files (x86)\Ampps\www\LaurenPerez_tp1\vendor\cakephp\cakephp\src\Database\Query.php(219): Cake\Database\Connection->run(Object(Cake\ORM\Query))
#14 C:\Program Files (x86)\Ampps\www\LaurenPerez_tp1\vendor\cakephp\cakephp\src\ORM\Query.php(1127): Cake\Database\Query->execute()
#15 C:\Program Files (x86)\Ampps\www\LaurenPerez_tp1\vendor\cakephp\cakephp\src\Datasource\QueryTrait.php(309): Cake\ORM\Query->_execute()
#16 C:\Program Files (x86)\Ampps\www\LaurenPerez_tp1\vendor\cakephp\cakephp\src\ORM\Query.php(1074): Cake\ORM\Query->_all()
#17 C:\Program Files (x86)\Ampps\www\LaurenPerez_tp1\vendor\cakephp\cakephp\src\Datasource\Paginator.php(186): Cake\ORM\Query->all()
#18 C:\Program Files (x86)\Ampps\www\LaurenPerez_tp1\vendor\cakephp\cakephp\src\Controller\Component\PaginatorComponent.php(201): Cake\Datasource\Paginator->paginate(Object(App\Model\Table\UsersTable), Array, Array)
#19 C:\Program Files (x86)\Ampps\www\LaurenPerez_tp1\vendor\cakephp\cakephp\src\Controller\Controller.php(872): Cake\Controller\Component\PaginatorComponent->paginate(Object(App\Model\Table\UsersTable), Array)
#20 C:\Program Files (x86)\Ampps\www\LaurenPerez_tp1\src\Controller\UsersController.php(26): Cake\Controller\Controller->paginate(Object(App\Model\Table\UsersTable))
#21 C:\Program Files (x86)\Ampps\www\LaurenPerez_tp1\vendor\cakephp\cakephp\src\Controller\Controller.php(596): App\Controller\UsersController->index()
#22 C:\Program Files (x86)\Ampps\www\LaurenPerez_tp1\vendor\cakephp\cakephp\src\Http\ActionDispatcher.php(120): Cake\Controller\Controller->invokeAction()
#23 C:\Program Files (x86)\Ampps\www\LaurenPerez_tp1\vendor\cakephp\cakephp\src\Http\ActionDispatcher.php(94): Cake\Http\ActionDispatcher->_invoke(Object(App\Controller\UsersController))
#24 C:\Program Files (x86)\Ampps\www\LaurenPerez_tp1\vendor\cakephp\cakephp\src\Http\BaseApplication.php(235): Cake\Http\ActionDispatcher->dispatch(Object(Cake\Http\ServerRequest), Object(Cake\Http\Response))
#25 C:\Program Files (x86)\Ampps\www\LaurenPerez_tp1\vendor\cakephp\cakephp\src\Http\Runner.php(65): Cake\Http\BaseApplication->__invoke(Object(Cake\Http\ServerRequest), Object(Cake\Http\Response), Object(Cake\Http\Runner))
#26 C:\Program Files (x86)\Ampps\www\LaurenPerez_tp1\vendor\cakephp\cakephp\src\Http\Middleware\CsrfProtectionMiddleware.php(107): Cake\Http\Runner->__invoke(Object(Cake\Http\ServerRequest), Object(Cake\Http\Response))
#27 C:\Program Files (x86)\Ampps\www\LaurenPerez_tp1\vendor\cakephp\cakephp\src\Http\Runner.php(65): Cake\Http\Middleware\CsrfProtectionMiddleware->__invoke(Object(Cake\Http\ServerRequest), Object(Cake\Http\Response), Object(Cake\Http\Runner))
#28 C:\Program Files (x86)\Ampps\www\LaurenPerez_tp1\vendor\cakephp\cakephp\src\Routing\Middleware\RoutingMiddleware.php(156): Cake\Http\Runner->__invoke(Object(Cake\Http\ServerRequest), Object(Cake\Http\Response))
#29 C:\Program Files (x86)\Ampps\www\LaurenPerez_tp1\vendor\cakephp\cakephp\src\Http\Runner.php(65): Cake\Routing\Middleware\RoutingMiddleware->__invoke(Object(Cake\Http\ServerRequest), Object(Cake\Http\Response), Object(Cake\Http\Runner))
#30 C:\Program Files (x86)\Ampps\www\LaurenPerez_tp1\vendor\cakephp\cakephp\src\Routing\Middleware\AssetMiddleware.php(88): Cake\Http\Runner->__invoke(Object(Cake\Http\ServerRequest), Object(Cake\Http\Response))
#31 C:\Program Files (x86)\Ampps\www\LaurenPerez_tp1\vendor\cakephp\cakephp\src\Http\Runner.php(65): Cake\Routing\Middleware\AssetMiddleware->__invoke(Object(Cake\Http\ServerRequest), Object(Cake\Http\Response), Object(Cake\Http\Runner))
#32 C:\Program Files (x86)\Ampps\www\LaurenPerez_tp1\vendor\cakephp\cakephp\src\Error\Middleware\ErrorHandlerMiddleware.php(98): Cake\Http\Runner->__invoke(Object(Cake\Http\ServerRequest), Object(Cake\Http\Response))
#33 C:\Program Files (x86)\Ampps\www\LaurenPerez_tp1\vendor\cakephp\cakephp\src\Http\Runner.php(65): Cake\Error\Middleware\ErrorHandlerMiddleware->__invoke(Object(Cake\Http\ServerRequest), Object(Cake\Http\Response), Object(Cake\Http\Runner))
#34 C:\Program Files (x86)\Ampps\www\LaurenPerez_tp1\vendor\cakephp\debug_kit\src\Middleware\DebugKitMiddleware.php(53): Cake\Http\Runner->__invoke(Object(Cake\Http\ServerRequest), Object(Cake\Http\Response))
#35 C:\Program Files (x86)\Ampps\www\LaurenPerez_tp1\vendor\cakephp\cakephp\src\Http\Runner.php(65): DebugKit\Middleware\DebugKitMiddleware->__invoke(Object(Cake\Http\ServerRequest), Object(Cake\Http\Response), Object(Cake\Http\Runner))
#36 C:\Program Files (x86)\Ampps\www\LaurenPerez_tp1\vendor\cakephp\cakephp\src\Http\Runner.php(51): Cake\Http\Runner->__invoke(Object(Cake\Http\ServerRequest), Object(Cake\Http\Response))
#37 C:\Program Files (x86)\Ampps\www\LaurenPerez_tp1\vendor\cakephp\cakephp\src\Http\Server.php(98): Cake\Http\Runner->run(Object(Cake\Http\MiddlewareQueue), Object(Cake\Http\ServerRequest), Object(Cake\Http\Response))
#38 C:\Program Files (x86)\Ampps\www\LaurenPerez_tp1\webroot\index.php(40): Cake\Http\Server->run()
#39 {main}


2018-10-09 04:31:05 Error: [InvalidArgumentException] The Codes association is not defined on Users.
Request URL: /
Referer URL: http://localhost/
Stack Trace:
#0 C:\Program Files (x86)\Ampps\www\LaurenPerez_tp1\vendor\cakephp\cakephp\src\ORM\EagerLoader.php(539): Cake\ORM\Table->getAssociation('Codes')
#1 C:\Program Files (x86)\Ampps\www\LaurenPerez_tp1\vendor\cakephp\cakephp\src\ORM\EagerLoader.php(366): Cake\ORM\EagerLoader->_normalizeContain(Object(App\Model\Table\UsersTable), 'Codes', Array, Array)
#2 C:\Program Files (x86)\Ampps\www\LaurenPerez_tp1\vendor\cakephp\cakephp\src\ORM\EagerLoader.php(495): Cake\ORM\EagerLoader->normalized(Object(App\Model\Table\UsersTable))
#3 C:\Program Files (x86)\Ampps\www\LaurenPerez_tp1\vendor\cakephp\cakephp\src\ORM\EagerLoader.php(466): Cake\ORM\EagerLoader->attachableAssociations(Object(App\Model\Table\UsersTable))
#4 C:\Program Files (x86)\Ampps\www\LaurenPerez_tp1\vendor\cakephp\cakephp\src\ORM\Query.php(1157): Cake\ORM\EagerLoader->attachAssociations(Object(Cake\ORM\Query), Object(App\Model\Table\UsersTable), true)
#5 C:\Program Files (x86)\Ampps\www\LaurenPerez_tp1\vendor\cakephp\cakephp\src\ORM\Query.php(1106): Cake\ORM\Query->_transformQuery()
#6 C:\Program Files (x86)\Ampps\www\LaurenPerez_tp1\vendor\cakephp\cakephp\src\Database\Driver\Mysql.php(138): Cake\ORM\Query->sql()
#7 C:\Program Files (x86)\Ampps\www\LaurenPerez_tp1\vendor\cakephp\cakephp\src\Database\Connection.php(275): Cake\Database\Driver\Mysql->prepare(Object(Cake\ORM\Query))
#8 C:\Program Files (x86)\Ampps\www\LaurenPerez_tp1\vendor\cakephp\cakephp\src\Core\Retry\CommandRetry.php(68): Cake\Database\Connection->Cake\Database\{closure}()
#9 C:\Program Files (x86)\Ampps\www\LaurenPerez_tp1\vendor\cakephp\cakephp\src\Database\Connection.php(282): Cake\Core\Retry\CommandRetry->run(Object(Closure))
#10 C:\Program Files (x86)\Ampps\www\LaurenPerez_tp1\vendor\cakephp\cakephp\src\Database\Connection.php(332): Cake\Database\Connection->prepare(Object(Cake\ORM\Query))
#11 C:\Program Files (x86)\Ampps\www\LaurenPerez_tp1\vendor\cakephp\cakephp\src\Core\Retry\CommandRetry.php(68): Cake\Database\Connection->Cake\Database\{closure}()
#12 C:\Program Files (x86)\Ampps\www\LaurenPerez_tp1\vendor\cakephp\cakephp\src\Database\Connection.php(337): Cake\Core\Retry\CommandRetry->run(Object(Closure))
#13 C:\Program Files (x86)\Ampps\www\LaurenPerez_tp1\vendor\cakephp\cakephp\src\Database\Query.php(219): Cake\Database\Connection->run(Object(Cake\ORM\Query))
#14 C:\Program Files (x86)\Ampps\www\LaurenPerez_tp1\vendor\cakephp\cakephp\src\ORM\Query.php(1127): Cake\Database\Query->execute()
#15 C:\Program Files (x86)\Ampps\www\LaurenPerez_tp1\vendor\cakephp\cakephp\src\Datasource\QueryTrait.php(309): Cake\ORM\Query->_execute()
#16 C:\Program Files (x86)\Ampps\www\LaurenPerez_tp1\vendor\cakephp\cakephp\src\ORM\Query.php(1074): Cake\ORM\Query->_all()
#17 C:\Program Files (x86)\Ampps\www\LaurenPerez_tp1\vendor\cakephp\cakephp\src\Datasource\Paginator.php(186): Cake\ORM\Query->all()
#18 C:\Program Files (x86)\Ampps\www\LaurenPerez_tp1\vendor\cakephp\cakephp\src\Controller\Component\PaginatorComponent.php(201): Cake\Datasource\Paginator->paginate(Object(App\Model\Table\UsersTable), Array, Array)
#19 C:\Program Files (x86)\Ampps\www\LaurenPerez_tp1\vendor\cakephp\cakephp\src\Controller\Controller.php(872): Cake\Controller\Component\PaginatorComponent->paginate(Object(App\Model\Table\UsersTable), Array)
#20 C:\Program Files (x86)\Ampps\www\LaurenPerez_tp1\src\Controller\UsersController.php(26): Cake\Controller\Controller->paginate(Object(App\Model\Table\UsersTable))
#21 C:\Program Files (x86)\Ampps\www\LaurenPerez_tp1\vendor\cakephp\cakephp\src\Controller\Controller.php(596): App\Controller\UsersController->index()
#22 C:\Program Files (x86)\Ampps\www\LaurenPerez_tp1\vendor\cakephp\cakephp\src\Http\ActionDispatcher.php(120): Cake\Controller\Controller->invokeAction()
#23 C:\Program Files (x86)\Ampps\www\LaurenPerez_tp1\vendor\cakephp\cakephp\src\Http\ActionDispatcher.php(94): Cake\Http\ActionDispatcher->_invoke(Object(App\Controller\UsersController))
#24 C:\Program Files (x86)\Ampps\www\LaurenPerez_tp1\vendor\cakephp\cakephp\src\Http\BaseApplication.php(235): Cake\Http\ActionDispatcher->dispatch(Object(Cake\Http\ServerRequest), Object(Cake\Http\Response))
#25 C:\Program Files (x86)\Ampps\www\LaurenPerez_tp1\vendor\cakephp\cakephp\src\Http\Runner.php(65): Cake\Http\BaseApplication->__invoke(Object(Cake\Http\ServerRequest), Object(Cake\Http\Response), Object(Cake\Http\Runner))
#26 C:\Program Files (x86)\Ampps\www\LaurenPerez_tp1\vendor\cakephp\cakephp\src\Http\Middleware\CsrfProtectionMiddleware.php(107): Cake\Http\Runner->__invoke(Object(Cake\Http\ServerRequest), Object(Cake\Http\Response))
#27 C:\Program Files (x86)\Ampps\www\LaurenPerez_tp1\vendor\cakephp\cakephp\src\Http\Runner.php(65): Cake\Http\Middleware\CsrfProtectionMiddleware->__invoke(Object(Cake\Http\ServerRequest), Object(Cake\Http\Response), Object(Cake\Http\Runner))
#28 C:\Program Files (x86)\Ampps\www\LaurenPerez_tp1\vendor\cakephp\cakephp\src\Routing\Middleware\RoutingMiddleware.php(156): Cake\Http\Runner->__invoke(Object(Cake\Http\ServerRequest), Object(Cake\Http\Response))
#29 C:\Program Files (x86)\Ampps\www\LaurenPerez_tp1\vendor\cakephp\cakephp\src\Http\Runner.php(65): Cake\Routing\Middleware\RoutingMiddleware->__invoke(Object(Cake\Http\ServerRequest), Object(Cake\Http\Response), Object(Cake\Http\Runner))
#30 C:\Program Files (x86)\Ampps\www\LaurenPerez_tp1\vendor\cakephp\cakephp\src\Routing\Middleware\AssetMiddleware.php(88): Cake\Http\Runner->__invoke(Object(Cake\Http\ServerRequest), Object(Cake\Http\Response))
#31 C:\Program Files (x86)\Ampps\www\LaurenPerez_tp1\vendor\cakephp\cakephp\src\Http\Runner.php(65): Cake\Routing\Middleware\AssetMiddleware->__invoke(Object(Cake\Http\ServerRequest), Object(Cake\Http\Response), Object(Cake\Http\Runner))
#32 C:\Program Files (x86)\Ampps\www\LaurenPerez_tp1\vendor\cakephp\cakephp\src\Error\Middleware\ErrorHandlerMiddleware.php(98): Cake\Http\Runner->__invoke(Object(Cake\Http\ServerRequest), Object(Cake\Http\Response))
#33 C:\Program Files (x86)\Ampps\www\LaurenPerez_tp1\vendor\cakephp\cakephp\src\Http\Runner.php(65): Cake\Error\Middleware\ErrorHandlerMiddleware->__invoke(Object(Cake\Http\ServerRequest), Object(Cake\Http\Response), Object(Cake\Http\Runner))
#34 C:\Program Files (x86)\Ampps\www\LaurenPerez_tp1\vendor\cakephp\debug_kit\src\Middleware\DebugKitMiddleware.php(53): Cake\Http\Runner->__invoke(Object(Cake\Http\ServerRequest), Object(Cake\Http\Response))
#35 C:\Program Files (x86)\Ampps\www\LaurenPerez_tp1\vendor\cakephp\cakephp\src\Http\Runner.php(65): DebugKit\Middleware\DebugKitMiddleware->__invoke(Object(Cake\Http\ServerRequest), Object(Cake\Http\Response), Object(Cake\Http\Runner))
#36 C:\Program Files (x86)\Ampps\www\LaurenPerez_tp1\vendor\cakephp\cakephp\src\Http\Runner.php(51): Cake\Http\Runner->__invoke(Object(Cake\Http\ServerRequest), Object(Cake\Http\Response))
#37 C:\Program Files (x86)\Ampps\www\LaurenPerez_tp1\vendor\cakephp\cakephp\src\Http\Server.php(98): Cake\Http\Runner->run(Object(Cake\Http\MiddlewareQueue), Object(Cake\Http\ServerRequest), Object(Cake\Http\Response))
#38 C:\Program Files (x86)\Ampps\www\LaurenPerez_tp1\webroot\index.php(40): Cake\Http\Server->run()
#39 {main}


2018-10-09 18:29:29 Error: [Cake\View\Exception\MissingTemplateException] Template file "Users\login.ctp" is missing.
Exception Attributes: array (
  'file' => 'Users\\login.ctp',
)
Request URL: /users/login
Referer URL: http://localhost/LaurenPerez_tp1/
Stack Trace:
#0 C:\Program Files (x86)\Ampps\www\LaurenPerez_tp1\vendor\cakephp\cakephp\src\View\View.php(799): Cake\View\View->_getViewFileName(NULL)
#1 C:\Program Files (x86)\Ampps\www\LaurenPerez_tp1\vendor\cakephp\cakephp\src\Controller\Controller.php(777): Cake\View\View->render(NULL, NULL)
#2 C:\Program Files (x86)\Ampps\www\LaurenPerez_tp1\vendor\cakephp\cakephp\src\Http\ActionDispatcher.php(126): Cake\Controller\Controller->render()
#3 C:\Program Files (x86)\Ampps\www\LaurenPerez_tp1\vendor\cakephp\cakephp\src\Http\ActionDispatcher.php(94): Cake\Http\ActionDispatcher->_invoke(Object(App\Controller\UsersController))
#4 C:\Program Files (x86)\Ampps\www\LaurenPerez_tp1\vendor\cakephp\cakephp\src\Http\BaseApplication.php(235): Cake\Http\ActionDispatcher->dispatch(Object(Cake\Http\ServerRequest), Object(Cake\Http\Response))
#5 C:\Program Files (x86)\Ampps\www\LaurenPerez_tp1\vendor\cakephp\cakephp\src\Http\Runner.php(65): Cake\Http\BaseApplication->__invoke(Object(Cake\Http\ServerRequest), Object(Cake\Http\Response), Object(Cake\Http\Runner))
#6 C:\Program Files (x86)\Ampps\www\LaurenPerez_tp1\vendor\cakephp\cakephp\src\Http\Middleware\CsrfProtectionMiddleware.php(107): Cake\Http\Runner->__invoke(Object(Cake\Http\ServerRequest), Object(Cake\Http\Response))
#7 C:\Program Files (x86)\Ampps\www\LaurenPerez_tp1\vendor\cakephp\cakephp\src\Http\Runner.php(65): Cake\Http\Middleware\CsrfProtectionMiddleware->__invoke(Object(Cake\Http\ServerRequest), Object(Cake\Http\Response), Object(Cake\Http\Runner))
#8 C:\Program Files (x86)\Ampps\www\LaurenPerez_tp1\vendor\cakephp\cakephp\src\Routing\Middleware\RoutingMiddleware.php(156): Cake\Http\Runner->__invoke(Object(Cake\Http\ServerRequest), Object(Cake\Http\Response))
#9 C:\Program Files (x86)\Ampps\www\LaurenPerez_tp1\vendor\cakephp\cakephp\src\Http\Runner.php(65): Cake\Routing\Middleware\RoutingMiddleware->__invoke(Object(Cake\Http\ServerRequest), Object(Cake\Http\Response), Object(Cake\Http\Runner))
#10 C:\Program Files (x86)\Ampps\www\LaurenPerez_tp1\vendor\cakephp\cakephp\src\Routing\Middleware\AssetMiddleware.php(88): Cake\Http\Runner->__invoke(Object(Cake\Http\ServerRequest), Object(Cake\Http\Response))
#11 C:\Program Files (x86)\Ampps\www\LaurenPerez_tp1\vendor\cakephp\cakephp\src\Http\Runner.php(65): Cake\Routing\Middleware\AssetMiddleware->__invoke(Object(Cake\Http\ServerRequest), Object(Cake\Http\Response), Object(Cake\Http\Runner))
#12 C:\Program Files (x86)\Ampps\www\LaurenPerez_tp1\vendor\cakephp\cakephp\src\Error\Middleware\ErrorHandlerMiddleware.php(98): Cake\Http\Runner->__invoke(Object(Cake\Http\ServerRequest), Object(Cake\Http\Response))
#13 C:\Program Files (x86)\Ampps\www\LaurenPerez_tp1\vendor\cakephp\cakephp\src\Http\Runner.php(65): Cake\Error\Middleware\ErrorHandlerMiddleware->__invoke(Object(Cake\Http\ServerRequest), Object(Cake\Http\Response), Object(Cake\Http\Runner))
#14 C:\Program Files (x86)\Ampps\www\LaurenPerez_tp1\vendor\cakephp\debug_kit\src\Middleware\DebugKitMiddleware.php(53): Cake\Http\Runner->__invoke(Object(Cake\Http\ServerRequest), Object(Cake\Http\Response))
#15 C:\Program Files (x86)\Ampps\www\LaurenPerez_tp1\vendor\cakephp\cakephp\src\Http\Runner.php(65): DebugKit\Middleware\DebugKitMiddleware->__invoke(Object(Cake\Http\ServerRequest), Object(Cake\Http\Response), Object(Cake\Http\Runner))
#16 C:\Program Files (x86)\Ampps\www\LaurenPerez_tp1\vendor\cakephp\cakephp\src\Http\Runner.php(51): Cake\Http\Runner->__invoke(Object(Cake\Http\ServerRequest), Object(Cake\Http\Response))
#17 C:\Program Files (x86)\Ampps\www\LaurenPerez_tp1\vendor\cakephp\cakephp\src\Http\Server.php(98): Cake\Http\Runner->run(Object(Cake\Http\MiddlewareQueue), Object(Cake\Http\ServerRequest), Object(Cake\Http\Response))
#18 C:\Program Files (x86)\Ampps\www\LaurenPerez_tp1\webroot\index.php(40): Cake\Http\Server->run()
#19 {main}


2018-10-09 18:33:50 Error: [Cake\View\Exception\MissingTemplateException] Template file "Users\login.ctp" is missing.
Exception Attributes: array (
  'file' => 'Users\\login.ctp',
)
Request URL: /users/login
Referer URL: http://localhost/LaurenPerez_tp1/
Stack Trace:
#0 C:\Program Files (x86)\Ampps\www\LaurenPerez_tp1\vendor\cakephp\cakephp\src\View\View.php(799): Cake\View\View->_getViewFileName(NULL)
#1 C:\Program Files (x86)\Ampps\www\LaurenPerez_tp1\vendor\cakephp\cakephp\src\Controller\Controller.php(777): Cake\View\View->render(NULL, NULL)
#2 C:\Program Files (x86)\Ampps\www\LaurenPerez_tp1\vendor\cakephp\cakephp\src\Http\ActionDispatcher.php(126): Cake\Controller\Controller->render()
#3 C:\Program Files (x86)\Ampps\www\LaurenPerez_tp1\vendor\cakephp\cakephp\src\Http\ActionDispatcher.php(94): Cake\Http\ActionDispatcher->_invoke(Object(App\Controller\UsersController))
#4 C:\Program Files (x86)\Ampps\www\LaurenPerez_tp1\vendor\cakephp\cakephp\src\Http\BaseApplication.php(235): Cake\Http\ActionDispatcher->dispatch(Object(Cake\Http\ServerRequest), Object(Cake\Http\Response))
#5 C:\Program Files (x86)\Ampps\www\LaurenPerez_tp1\vendor\cakephp\cakephp\src\Http\Runner.php(65): Cake\Http\BaseApplication->__invoke(Object(Cake\Http\ServerRequest), Object(Cake\Http\Response), Object(Cake\Http\Runner))
#6 C:\Program Files (x86)\Ampps\www\LaurenPerez_tp1\vendor\cakephp\cakephp\src\Http\Middleware\CsrfProtectionMiddleware.php(107): Cake\Http\Runner->__invoke(Object(Cake\Http\ServerRequest), Object(Cake\Http\Response))
#7 C:\Program Files (x86)\Ampps\www\LaurenPerez_tp1\vendor\cakephp\cakephp\src\Http\Runner.php(65): Cake\Http\Middleware\CsrfProtectionMiddleware->__invoke(Object(Cake\Http\ServerRequest), Object(Cake\Http\Response), Object(Cake\Http\Runner))
#8 C:\Program Files (x86)\Ampps\www\LaurenPerez_tp1\vendor\cakephp\cakephp\src\Routing\Middleware\RoutingMiddleware.php(156): Cake\Http\Runner->__invoke(Object(Cake\Http\ServerRequest), Object(Cake\Http\Response))
#9 C:\Program Files (x86)\Ampps\www\LaurenPerez_tp1\vendor\cakephp\cakephp\src\Http\Runner.php(65): Cake\Routing\Middleware\RoutingMiddleware->__invoke(Object(Cake\Http\ServerRequest), Object(Cake\Http\Response), Object(Cake\Http\Runner))
#10 C:\Program Files (x86)\Ampps\www\LaurenPerez_tp1\vendor\cakephp\cakephp\src\Routing\Middleware\AssetMiddleware.php(88): Cake\Http\Runner->__invoke(Object(Cake\Http\ServerRequest), Object(Cake\Http\Response))
#11 C:\Program Files (x86)\Ampps\www\LaurenPerez_tp1\vendor\cakephp\cakephp\src\Http\Runner.php(65): Cake\Routing\Middleware\AssetMiddleware->__invoke(Object(Cake\Http\ServerRequest), Object(Cake\Http\Response), Object(Cake\Http\Runner))
#12 C:\Program Files (x86)\Ampps\www\LaurenPerez_tp1\vendor\cakephp\cakephp\src\Error\Middleware\ErrorHandlerMiddleware.php(98): Cake\Http\Runner->__invoke(Object(Cake\Http\ServerRequest), Object(Cake\Http\Response))
#13 C:\Program Files (x86)\Ampps\www\LaurenPerez_tp1\vendor\cakephp\cakephp\src\Http\Runner.php(65): Cake\Error\Middleware\ErrorHandlerMiddleware->__invoke(Object(Cake\Http\ServerRequest), Object(Cake\Http\Response), Object(Cake\Http\Runner))
#14 C:\Program Files (x86)\Ampps\www\LaurenPerez_tp1\vendor\cakephp\debug_kit\src\Middleware\DebugKitMiddleware.php(53): Cake\Http\Runner->__invoke(Object(Cake\Http\ServerRequest), Object(Cake\Http\Response))
#15 C:\Program Files (x86)\Ampps\www\LaurenPerez_tp1\vendor\cakephp\cakephp\src\Http\Runner.php(65): DebugKit\Middleware\DebugKitMiddleware->__invoke(Object(Cake\Http\ServerRequest), Object(Cake\Http\Response), Object(Cake\Http\Runner))
#16 C:\Program Files (x86)\Ampps\www\LaurenPerez_tp1\vendor\cakephp\cakephp\src\Http\Runner.php(51): Cake\Http\Runner->__invoke(Object(Cake\Http\ServerRequest), Object(Cake\Http\Response))
#17 C:\Program Files (x86)\Ampps\www\LaurenPerez_tp1\vendor\cakephp\cakephp\src\Http\Server.php(98): Cake\Http\Runner->run(Object(Cake\Http\MiddlewareQueue), Object(Cake\Http\ServerRequest), Object(Cake\Http\Response))
#18 C:\Program Files (x86)\Ampps\www\LaurenPerez_tp1\webroot\index.php(40): Cake\Http\Server->run()
#19 {main}


2018-10-09 21:23:59 Error: Fatal Error (1): Class 'App\Model\Entity\DefaultPasswordHasher' not found in [C:\Program Files (x86)\Ampps\www\LaurenPerez_tp1\src\Model\Entity\User.php, line 52]
Request URL: /users/add
Referer URL: http://localhost/LaurenPerez_tp1/users/add
Trace:
Cake\Error\BaseErrorHandler::handleFatalError() - CORE\src\Error\BaseErrorHandler.php, line 229
Cake\Error\BaseErrorHandler::Cake\Error\{closure}() - CORE\src\Error\BaseErrorHandler.php, line 110
[main] - [internal], line ??



2018-10-09 21:24:00 Warning: Warning (512): Unable to emit headers. Headers sent in file=C:\Program Files (x86)\Ampps\www\LaurenPerez_tp1\src\Model\Entity\User.php line=52 in [C:\Program Files (x86)\Ampps\www\LaurenPerez_tp1\vendor\cakephp\cakephp\src\Http\ResponseEmitter.php, line 48]
Request URL: /users/add
Referer URL: http://localhost/LaurenPerez_tp1/users/add
Trace:
Cake\Error\BaseErrorHandler::handleError() - CORE\src\Error\BaseErrorHandler.php, line 159
Cake\Core\BasePlugin::{closure}() - ROOT\vendor\cakephp\debug_kit\config\bootstrap.php, line 41
Cake\Http\ResponseEmitter::emit() - CORE\src\Http\ResponseEmitter.php, line 48
Cake\Error\ErrorHandler::_sendResponse() - CORE\src\Error\ErrorHandler.php, line 198
Cake\Error\ErrorHandler::_displayException() - CORE\src\Error\ErrorHandler.php, line 139
Cake\Error\BaseErrorHandler::handleException() - CORE\src\Error\BaseErrorHandler.php, line 193
Cake\Error\BaseErrorHandler::handleFatalError() - CORE\src\Error\BaseErrorHandler.php, line 231
Cake\Error\BaseErrorHandler::Cake\Error\{closure}() - CORE\src\Error\BaseErrorHandler.php, line 110
[main] - [internal], line ??



2018-10-09 21:24:00 Warning: Warning (2): Cannot modify header information - headers already sent by (output started at C:\Program Files (x86)\Ampps\www\LaurenPerez_tp1\src\Model\Entity\User.php:52) in [C:\Program Files (x86)\Ampps\www\LaurenPerez_tp1\vendor\cakephp\cakephp\src\Http\ResponseEmitter.php, line 149]
Request URL: /users/add
Referer URL: http://localhost/LaurenPerez_tp1/users/add
Trace:
Cake\Error\BaseErrorHandler::handleError() - CORE\src\Error\BaseErrorHandler.php, line 159
Cake\Core\BasePlugin::{closure}() - ROOT\vendor\cakephp\debug_kit\config\bootstrap.php, line 41
header - [internal], line ??
Cake\Http\ResponseEmitter::emitStatusLine() - CORE\src\Http\ResponseEmitter.php, line 149
Cake\Http\ResponseEmitter::emit() - CORE\src\Http\ResponseEmitter.php, line 54
Cake\Error\ErrorHandler::_sendResponse() - CORE\src\Error\ErrorHandler.php, line 198
Cake\Error\ErrorHandler::_displayException() - CORE\src\Error\ErrorHandler.php, line 139
Cake\Error\BaseErrorHandler::handleException() - CORE\src\Error\BaseErrorHandler.php, line 193
Cake\Error\BaseErrorHandler::handleFatalError() - CORE\src\Error\BaseErrorHandler.php, line 231
Cake\Error\BaseErrorHandler::Cake\Error\{closure}() - CORE\src\Error\BaseErrorHandler.php, line 110
[main] - [internal], line ??



2018-10-09 21:24:00 Warning: Warning (2): Cannot modify header information - headers already sent by (output started at C:\Program Files (x86)\Ampps\www\LaurenPerez_tp1\src\Model\Entity\User.php:52) in [C:\Program Files (x86)\Ampps\www\LaurenPerez_tp1\vendor\cakephp\cakephp\src\Http\ResponseEmitter.php, line 181]
Request URL: /users/add
Referer URL: http://localhost/LaurenPerez_tp1/users/add
Trace:
Cake\Error\BaseErrorHandler::handleError() - CORE\src\Error\BaseErrorHandler.php, line 159
Cake\Core\BasePlugin::{closure}() - ROOT\vendor\cakephp\debug_kit\config\bootstrap.php, line 41
header - [internal], line ??
Cake\Http\ResponseEmitter::emitHeaders() - CORE\src\Http\ResponseEmitter.php, line 181
Cake\Http\ResponseEmitter::emit() - CORE\src\Http\ResponseEmitter.php, line 55
Cake\Error\ErrorHandler::_sendResponse() - CORE\src\Error\ErrorHandler.php, line 198
Cake\Error\ErrorHandler::_displayException() - CORE\src\Error\ErrorHandler.php, line 139
Cake\Error\BaseErrorHandler::handleException() - CORE\src\Error\BaseErrorHandler.php, line 193
Cake\Error\BaseErrorHandler::handleFatalError() - CORE\src\Error\BaseErrorHandler.php, line 231
Cake\Error\BaseErrorHandler::Cake\Error\{closure}() - CORE\src\Error\BaseErrorHandler.php, line 110
[main] - [internal], line ??



2018-10-09 21:24:00 Error: [Cake\Error\FatalErrorException] Class 'App\Model\Entity\DefaultPasswordHasher' not found in C:\Program Files (x86)\Ampps\www\LaurenPerez_tp1\src\Model\Entity\User.php on line 52
Request URL: /users/add
Referer URL: http://localhost/LaurenPerez_tp1/users/add
Stack Trace:
#0 C:\Program Files (x86)\Ampps\www\LaurenPerez_tp1\vendor\cakephp\cakephp\src\Error\BaseErrorHandler.php(110): Cake\Error\BaseErrorHandler->handleFatalError(1, 'Class 'App\\Mode...', 'C:\\Program File...', 52)
#1 [internal function]: Cake\Error\BaseErrorHandler->Cake\Error\{closure}()
#2 {main}


2018-10-09 22:43:26 Error: [PDOException] SQLSTATE[42S22]: Column not found: 1054 Unknown column 'agency_id' in 'where clause'
Request URL: /agencies/add
Referer URL: http://localhost/LaurenPerez_tp1/agencies/add
Stack Trace:
#0 C:\Program Files (x86)\Ampps\www\LaurenPerez_tp1\vendor\cakephp\cakephp\src\Database\Statement\MysqlStatement.php(39): PDOStatement->execute(NULL)
#1 C:\Program Files (x86)\Ampps\www\LaurenPerez_tp1\vendor\cakephp\cakephp\src\Database\Statement\StatementDecorator.php(195): Cake\Database\Statement\MysqlStatement->execute(NULL)
#2 C:\Program Files (x86)\Ampps\www\LaurenPerez_tp1\vendor\cakephp\cakephp\src\Database\Log\LoggingStatement.php(56): Cake\Database\Statement\StatementDecorator->execute(NULL)
#3 C:\Program Files (x86)\Ampps\www\LaurenPerez_tp1\vendor\cakephp\cakephp\src\Database\Connection.php(334): Cake\Database\Log\LoggingStatement->execute()
#4 C:\Program Files (x86)\Ampps\www\LaurenPerez_tp1\vendor\cakephp\cakephp\src\Core\Retry\CommandRetry.php(68): Cake\Database\Connection->Cake\Database\{closure}()
#5 C:\Program Files (x86)\Ampps\www\LaurenPerez_tp1\vendor\cakephp\cakephp\src\Database\Connection.php(337): Cake\Core\Retry\CommandRetry->run(Object(Closure))
#6 C:\Program Files (x86)\Ampps\www\LaurenPerez_tp1\vendor\cakephp\cakephp\src\Database\Query.php(219): Cake\Database\Connection->run(Object(Cake\ORM\Query))
#7 C:\Program Files (x86)\Ampps\www\LaurenPerez_tp1\vendor\cakephp\cakephp\src\ORM\Query.php(1127): Cake\Database\Query->execute()
#8 C:\Program Files (x86)\Ampps\www\LaurenPerez_tp1\vendor\cakephp\cakephp\src\Datasource\QueryTrait.php(309): Cake\ORM\Query->_execute()
#9 C:\Program Files (x86)\Ampps\www\LaurenPerez_tp1\vendor\cakephp\cakephp\src\ORM\Query.php(1074): Cake\ORM\Query->_all()
#10 C:\Program Files (x86)\Ampps\www\LaurenPerez_tp1\vendor\cakephp\cakephp\src\Datasource\QueryTrait.php(326): Cake\ORM\Query->all()
#11 C:\Program Files (x86)\Ampps\www\LaurenPerez_tp1\vendor\cakephp\cakephp\src\ORM\Association\BelongsToMany.php(1402): Cake\ORM\Query->toArray()
#12 C:\Program Files (x86)\Ampps\www\LaurenPerez_tp1\vendor\cakephp\cakephp\src\ORM\Association\BelongsToMany.php(1222): Cake\ORM\Association\BelongsToMany->_collectJointEntities(Object(App\Model\Entity\Agency), Array)
#13 C:\Program Files (x86)\Ampps\www\LaurenPerez_tp1\vendor\cakephp\cakephp\src\Database\Connection.php(726): Cake\ORM\Association\BelongsToMany->Cake\ORM\Association\{closure}(Object(Cake\Database\Connection))
#14 C:\Program Files (x86)\Ampps\www\LaurenPerez_tp1\vendor\cakephp\cakephp\src\ORM\Association\BelongsToMany.php(1245): Cake\Database\Connection->transactional(Object(Closure))
#15 C:\Program Files (x86)\Ampps\www\LaurenPerez_tp1\vendor\cakephp\cakephp\src\ORM\Association\BelongsToMany.php(729): Cake\ORM\Association\BelongsToMany->replaceLinks(Object(App\Model\Entity\Agency), Array, Array)
#16 C:\Program Files (x86)\Ampps\www\LaurenPerez_tp1\vendor\cakephp\cakephp\src\ORM\AssociationCollection.php(321): Cake\ORM\Association\BelongsToMany->saveAssociated(Object(App\Model\Entity\Agency), Array)
#17 C:\Program Files (x86)\Ampps\www\LaurenPerez_tp1\vendor\cakephp\cakephp\src\ORM\AssociationCollection.php(295): Cake\ORM\AssociationCollection->_save(Object(Cake\ORM\Association\BelongsToMany), Object(App\Model\Entity\Agency), Array, Array)
#18 C:\Program Files (x86)\Ampps\www\LaurenPerez_tp1\vendor\cakephp\cakephp\src\ORM\AssociationCollection.php(260): Cake\ORM\AssociationCollection->_saveAssociations(Object(App\Model\Table\AgenciesTable), Object(App\Model\Entity\Agency), Array, Array, true)
#19 C:\Program Files (x86)\Ampps\www\LaurenPerez_tp1\vendor\cakephp\cakephp\src\ORM\Table.php(2035): Cake\ORM\AssociationCollection->saveChildren(Object(App\Model\Table\AgenciesTable), Object(App\Model\Entity\Agency), Array, Array)
#20 C:\Program Files (x86)\Ampps\www\LaurenPerez_tp1\vendor\cakephp\cakephp\src\ORM\Table.php(2007): Cake\ORM\Table->_onSaveSuccess(Object(App\Model\Entity\Agency), Object(ArrayObject))
#21 C:\Program Files (x86)\Ampps\www\LaurenPerez_tp1\vendor\cakephp\cakephp\src\ORM\Table.php(1914): Cake\ORM\Table->_processSave(Object(App\Model\Entity\Agency), Object(ArrayObject))
#22 C:\Program Files (x86)\Ampps\www\LaurenPerez_tp1\vendor\cakephp\cakephp\src\ORM\Table.php(1627): Cake\ORM\Table->Cake\ORM\{closure}()
#23 C:\Program Files (x86)\Ampps\www\LaurenPerez_tp1\vendor\cakephp\cakephp\src\Database\Connection.php(726): Cake\ORM\Table->Cake\ORM\{closure}(Object(Cake\Database\Connection))
#24 C:\Program Files (x86)\Ampps\www\LaurenPerez_tp1\vendor\cakephp\cakephp\src\ORM\Table.php(1628): Cake\Database\Connection->transactional(Object(Closure))
#25 C:\Program Files (x86)\Ampps\www\LaurenPerez_tp1\vendor\cakephp\cakephp\src\ORM\Table.php(1915): Cake\ORM\Table->_executeTransaction(Object(Closure), true)
#26 C:\Program Files (x86)\Ampps\www\LaurenPerez_tp1\src\Controller\AgenciesController.php(86): Cake\ORM\Table->save(Object(App\Model\Entity\Agency))
#27 C:\Program Files (x86)\Ampps\www\LaurenPerez_tp1\vendor\cakephp\cakephp\src\Controller\Controller.php(596): App\Controller\AgenciesController->add()
#28 C:\Program Files (x86)\Ampps\www\LaurenPerez_tp1\vendor\cakephp\cakephp\src\Http\ActionDispatcher.php(120): Cake\Controller\Controller->invokeAction()
#29 C:\Program Files (x86)\Ampps\www\LaurenPerez_tp1\vendor\cakephp\cakephp\src\Http\ActionDispatcher.php(94): Cake\Http\ActionDispatcher->_invoke(Object(App\Controller\AgenciesController))
#30 C:\Program Files (x86)\Ampps\www\LaurenPerez_tp1\vendor\cakephp\cakephp\src\Http\BaseApplication.php(235): Cake\Http\ActionDispatcher->dispatch(Object(Cake\Http\ServerRequest), Object(Cake\Http\Response))
#31 C:\Program Files (x86)\Ampps\www\LaurenPerez_tp1\vendor\cakephp\cakephp\src\Http\Runner.php(65): Cake\Http\BaseApplication->__invoke(Object(Cake\Http\ServerRequest), Object(Cake\Http\Response), Object(Cake\Http\Runner))
#32 C:\Program Files (x86)\Ampps\www\LaurenPerez_tp1\vendor\cakephp\cakephp\src\Http\Middleware\CsrfProtectionMiddleware.php(107): Cake\Http\Runner->__invoke(Object(Cake\Http\ServerRequest), Object(Cake\Http\Response))
#33 C:\Program Files (x86)\Ampps\www\LaurenPerez_tp1\vendor\cakephp\cakephp\src\Http\Runner.php(65): Cake\Http\Middleware\CsrfProtectionMiddleware->__invoke(Object(Cake\Http\ServerRequest), Object(Cake\Http\Response), Object(Cake\Http\Runner))
#34 C:\Program Files (x86)\Ampps\www\LaurenPerez_tp1\vendor\cakephp\cakephp\src\Routing\Middleware\RoutingMiddleware.php(156): Cake\Http\Runner->__invoke(Object(Cake\Http\ServerRequest), Object(Cake\Http\Response))
#35 C:\Program Files (x86)\Ampps\www\LaurenPerez_tp1\vendor\cakephp\cakephp\src\Http\Runner.php(65): Cake\Routing\Middleware\RoutingMiddleware->__invoke(Object(Cake\Http\ServerRequest), Object(Cake\Http\Response), Object(Cake\Http\Runner))
#36 C:\Program Files (x86)\Ampps\www\LaurenPerez_tp1\vendor\cakephp\cakephp\src\Routing\Middleware\AssetMiddleware.php(88): Cake\Http\Runner->__invoke(Object(Cake\Http\ServerRequest), Object(Cake\Http\Response))
#37 C:\Program Files (x86)\Ampps\www\LaurenPerez_tp1\vendor\cakephp\cakephp\src\Http\Runner.php(65): Cake\Routing\Middleware\AssetMiddleware->__invoke(Object(Cake\Http\ServerRequest), Object(Cake\Http\Response), Object(Cake\Http\Runner))
#38 C:\Program Files (x86)\Ampps\www\LaurenPerez_tp1\vendor\cakephp\cakephp\src\Error\Middleware\ErrorHandlerMiddleware.php(98): Cake\Http\Runner->__invoke(Object(Cake\Http\ServerRequest), Object(Cake\Http\Response))
#39 C:\Program Files (x86)\Ampps\www\LaurenPerez_tp1\vendor\cakephp\cakephp\src\Http\Runner.php(65): Cake\Error\Middleware\ErrorHandlerMiddleware->__invoke(Object(Cake\Http\ServerRequest), Object(Cake\Http\Response), Object(Cake\Http\Runner))
#40 C:\Program Files (x86)\Ampps\www\LaurenPerez_tp1\vendor\cakephp\debug_kit\src\Middleware\DebugKitMiddleware.php(53): Cake\Http\Runner->__invoke(Object(Cake\Http\ServerRequest), Object(Cake\Http\Response))
#41 C:\Program Files (x86)\Ampps\www\LaurenPerez_tp1\vendor\cakephp\cakephp\src\Http\Runner.php(65): DebugKit\Middleware\DebugKitMiddleware->__invoke(Object(Cake\Http\ServerRequest), Object(Cake\Http\Response), Object(Cake\Http\Runner))
#42 C:\Program Files (x86)\Ampps\www\LaurenPerez_tp1\vendor\cakephp\cakephp\src\Http\Runner.php(51): Cake\Http\Runner->__invoke(Object(Cake\Http\ServerRequest), Object(Cake\Http\Response))
#43 C:\Program Files (x86)\Ampps\www\LaurenPerez_tp1\vendor\cakephp\cakephp\src\Http\Server.php(98): Cake\Http\Runner->run(Object(Cake\Http\MiddlewareQueue), Object(Cake\Http\ServerRequest), Object(Cake\Http\Response))
#44 C:\Program Files (x86)\Ampps\www\LaurenPerez_tp1\webroot\index.php(40): Cake\Http\Server->run()
#45 {main}


2018-10-09 22:47:01 Error: [PDOException] SQLSTATE[42S22]: Column not found: 1054 Unknown column 'AgenciesFiles.agency_id' in 'where clause'
Request URL: /agencies/edit/4
Referer URL: http://localhost/LaurenPerez_tp1/agencies
Stack Trace:
#0 C:\Program Files (x86)\Ampps\www\LaurenPerez_tp1\vendor\cakephp\cakephp\src\Database\Statement\MysqlStatement.php(39): PDOStatement->execute(NULL)
#1 C:\Program Files (x86)\Ampps\www\LaurenPerez_tp1\vendor\cakephp\cakephp\src\Database\Statement\StatementDecorator.php(195): Cake\Database\Statement\MysqlStatement->execute(NULL)
#2 C:\Program Files (x86)\Ampps\www\LaurenPerez_tp1\vendor\cakephp\cakephp\src\Database\Log\LoggingStatement.php(56): Cake\Database\Statement\StatementDecorator->execute(NULL)
#3 C:\Program Files (x86)\Ampps\www\LaurenPerez_tp1\vendor\cakephp\cakephp\src\Database\Connection.php(334): Cake\Database\Log\LoggingStatement->execute()
#4 C:\Program Files (x86)\Ampps\www\LaurenPerez_tp1\vendor\cakephp\cakephp\src\Core\Retry\CommandRetry.php(68): Cake\Database\Connection->Cake\Database\{closure}()
#5 C:\Program Files (x86)\Ampps\www\LaurenPerez_tp1\vendor\cakephp\cakephp\src\Database\Connection.php(337): Cake\Core\Retry\CommandRetry->run(Object(Closure))
#6 C:\Program Files (x86)\Ampps\www\LaurenPerez_tp1\vendor\cakephp\cakephp\src\Database\Query.php(219): Cake\Database\Connection->run(Object(Cake\ORM\Query))
#7 C:\Program Files (x86)\Ampps\www\LaurenPerez_tp1\vendor\cakephp\cakephp\src\ORM\Query.php(1127): Cake\Database\Query->execute()
#8 C:\Program Files (x86)\Ampps\www\LaurenPerez_tp1\vendor\cakephp\cakephp\src\Datasource\QueryTrait.php(309): Cake\ORM\Query->_execute()
#9 C:\Program Files (x86)\Ampps\www\LaurenPerez_tp1\vendor\cakephp\cakephp\src\ORM\Query.php(1074): Cake\ORM\Query->_all()
#10 C:\Program Files (x86)\Ampps\www\LaurenPerez_tp1\vendor\cakephp\cakephp\src\ORM\Association\Loader\SelectWithPivotLoader.php(168): Cake\ORM\Query->all()
#11 C:\Program Files (x86)\Ampps\www\LaurenPerez_tp1\vendor\cakephp\cakephp\src\ORM\Association\Loader\SelectLoader.php(125): Cake\ORM\Association\Loader\SelectWithPivotLoader->_buildResultMap(Object(Cake\ORM\Query), Array)
#12 C:\Program Files (x86)\Ampps\www\LaurenPerez_tp1\vendor\cakephp\cakephp\src\ORM\Association\BelongsToMany.php(585): Cake\ORM\Association\Loader\SelectLoader->buildEagerLoader(Array)
#13 C:\Program Files (x86)\Ampps\www\LaurenPerez_tp1\vendor\cakephp\cakephp\src\ORM\EagerLoader.php(702): Cake\ORM\Association\BelongsToMany->eagerLoader(Array)
#14 C:\Program Files (x86)\Ampps\www\LaurenPerez_tp1\vendor\cakephp\cakephp\src\ORM\Query.php(1127): Cake\ORM\EagerLoader->loadExternal(Object(Cake\ORM\Query), Object(Cake\Database\Statement\CallbackStatement))
#15 C:\Program Files (x86)\Ampps\www\LaurenPerez_tp1\vendor\cakephp\cakephp\src\Datasource\QueryTrait.php(309): Cake\ORM\Query->_execute()
#16 C:\Program Files (x86)\Ampps\www\LaurenPerez_tp1\vendor\cakephp\cakephp\src\ORM\Query.php(1074): Cake\ORM\Query->_all()
#17 C:\Program Files (x86)\Ampps\www\LaurenPerez_tp1\vendor\cakephp\cakephp\src\Datasource\QueryTrait.php(471): Cake\ORM\Query->all()
#18 C:\Program Files (x86)\Ampps\www\LaurenPerez_tp1\vendor\cakephp\cakephp\src\Datasource\QueryTrait.php(482): Cake\ORM\Query->first()
#19 C:\Program Files (x86)\Ampps\www\LaurenPerez_tp1\vendor\cakephp\cakephp\src\ORM\Table.php(1613): Cake\ORM\Query->firstOrFail()
#20 C:\Program Files (x86)\Ampps\www\LaurenPerez_tp1\src\Controller\AgenciesController.php(112): Cake\ORM\Table->get('4', Array)
#21 C:\Program Files (x86)\Ampps\www\LaurenPerez_tp1\vendor\cakephp\cakephp\src\Controller\Controller.php(596): App\Controller\AgenciesController->edit('4')
#22 C:\Program Files (x86)\Ampps\www\LaurenPerez_tp1\vendor\cakephp\cakephp\src\Http\ActionDispatcher.php(120): Cake\Controller\Controller->invokeAction()
#23 C:\Program Files (x86)\Ampps\www\LaurenPerez_tp1\vendor\cakephp\cakephp\src\Http\ActionDispatcher.php(94): Cake\Http\ActionDispatcher->_invoke(Object(App\Controller\AgenciesController))
#24 C:\Program Files (x86)\Ampps\www\LaurenPerez_tp1\vendor\cakephp\cakephp\src\Http\BaseApplication.php(235): Cake\Http\ActionDispatcher->dispatch(Object(Cake\Http\ServerRequest), Object(Cake\Http\Response))
#25 C:\Program Files (x86)\Ampps\www\LaurenPerez_tp1\vendor\cakephp\cakephp\src\Http\Runner.php(65): Cake\Http\BaseApplication->__invoke(Object(Cake\Http\ServerRequest), Object(Cake\Http\Response), Object(Cake\Http\Runner))
#26 C:\Program Files (x86)\Ampps\www\LaurenPerez_tp1\vendor\cakephp\cakephp\src\Http\Middleware\CsrfProtectionMiddleware.php(107): Cake\Http\Runner->__invoke(Object(Cake\Http\ServerRequest), Object(Cake\Http\Response))
#27 C:\Program Files (x86)\Ampps\www\LaurenPerez_tp1\vendor\cakephp\cakephp\src\Http\Runner.php(65): Cake\Http\Middleware\CsrfProtectionMiddleware->__invoke(Object(Cake\Http\ServerRequest), Object(Cake\Http\Response), Object(Cake\Http\Runner))
#28 C:\Program Files (x86)\Ampps\www\LaurenPerez_tp1\vendor\cakephp\cakephp\src\Routing\Middleware\RoutingMiddleware.php(156): Cake\Http\Runner->__invoke(Object(Cake\Http\ServerRequest), Object(Cake\Http\Response))
#29 C:\Program Files (x86)\Ampps\www\LaurenPerez_tp1\vendor\cakephp\cakephp\src\Http\Runner.php(65): Cake\Routing\Middleware\RoutingMiddleware->__invoke(Object(Cake\Http\ServerRequest), Object(Cake\Http\Response), Object(Cake\Http\Runner))
#30 C:\Program Files (x86)\Ampps\www\LaurenPerez_tp1\vendor\cakephp\cakephp\src\Routing\Middleware\AssetMiddleware.php(88): Cake\Http\Runner->__invoke(Object(Cake\Http\ServerRequest), Object(Cake\Http\Response))
#31 C:\Program Files (x86)\Ampps\www\LaurenPerez_tp1\vendor\cakephp\cakephp\src\Http\Runner.php(65): Cake\Routing\Middleware\AssetMiddleware->__invoke(Object(Cake\Http\ServerRequest), Object(Cake\Http\Response), Object(Cake\Http\Runner))
#32 C:\Program Files (x86)\Ampps\www\LaurenPerez_tp1\vendor\cakephp\cakephp\src\Error\Middleware\ErrorHandlerMiddleware.php(98): Cake\Http\Runner->__invoke(Object(Cake\Http\ServerRequest), Object(Cake\Http\Response))
#33 C:\Program Files (x86)\Ampps\www\LaurenPerez_tp1\vendor\cakephp\cakephp\src\Http\Runner.php(65): Cake\Error\Middleware\ErrorHandlerMiddleware->__invoke(Object(Cake\Http\ServerRequest), Object(Cake\Http\Response), Object(Cake\Http\Runner))
#34 C:\Program Files (x86)\Ampps\www\LaurenPerez_tp1\vendor\cakephp\debug_kit\src\Middleware\DebugKitMiddleware.php(53): Cake\Http\Runner->__invoke(Object(Cake\Http\ServerRequest), Object(Cake\Http\Response))
#35 C:\Program Files (x86)\Ampps\www\LaurenPerez_tp1\vendor\cakephp\cakephp\src\Http\Runner.php(65): DebugKit\Middleware\DebugKitMiddleware->__invoke(Object(Cake\Http\ServerRequest), Object(Cake\Http\Response), Object(Cake\Http\Runner))
#36 C:\Program Files (x86)\Ampps\www\LaurenPerez_tp1\vendor\cakephp\cakephp\src\Http\Runner.php(51): Cake\Http\Runner->__invoke(Object(Cake\Http\ServerRequest), Object(Cake\Http\Response))
#37 C:\Program Files (x86)\Ampps\www\LaurenPerez_tp1\vendor\cakephp\cakephp\src\Http\Server.php(98): Cake\Http\Runner->run(Object(Cake\Http\MiddlewareQueue), Object(Cake\Http\ServerRequest), Object(Cake\Http\Response))
#38 C:\Program Files (x86)\Ampps\www\LaurenPerez_tp1\webroot\index.php(40): Cake\Http\Server->run()
#39 {main}


2018-10-09 22:47:18 Error: [PDOException] SQLSTATE[42S22]: Column not found: 1054 Unknown column 'AgenciesFiles.agency_id' in 'where clause'
Request URL: /agencies/view/5
Referer URL: http://localhost/LaurenPerez_tp1/agencies
Stack Trace:
#0 C:\Program Files (x86)\Ampps\www\LaurenPerez_tp1\vendor\cakephp\cakephp\src\Database\Statement\MysqlStatement.php(39): PDOStatement->execute(NULL)
#1 C:\Program Files (x86)\Ampps\www\LaurenPerez_tp1\vendor\cakephp\cakephp\src\Database\Statement\StatementDecorator.php(195): Cake\Database\Statement\MysqlStatement->execute(NULL)
#2 C:\Program Files (x86)\Ampps\www\LaurenPerez_tp1\vendor\cakephp\cakephp\src\Database\Log\LoggingStatement.php(56): Cake\Database\Statement\StatementDecorator->execute(NULL)
#3 C:\Program Files (x86)\Ampps\www\LaurenPerez_tp1\vendor\cakephp\cakephp\src\Database\Connection.php(334): Cake\Database\Log\LoggingStatement->execute()
#4 C:\Program Files (x86)\Ampps\www\LaurenPerez_tp1\vendor\cakephp\cakephp\src\Core\Retry\CommandRetry.php(68): Cake\Database\Connection->Cake\Database\{closure}()
#5 C:\Program Files (x86)\Ampps\www\LaurenPerez_tp1\vendor\cakephp\cakephp\src\Database\Connection.php(337): Cake\Core\Retry\CommandRetry->run(Object(Closure))
#6 C:\Program Files (x86)\Ampps\www\LaurenPerez_tp1\vendor\cakephp\cakephp\src\Database\Query.php(219): Cake\Database\Connection->run(Object(Cake\ORM\Query))
#7 C:\Program Files (x86)\Ampps\www\LaurenPerez_tp1\vendor\cakephp\cakephp\src\ORM\Query.php(1127): Cake\Database\Query->execute()
#8 C:\Program Files (x86)\Ampps\www\LaurenPerez_tp1\vendor\cakephp\cakephp\src\Datasource\QueryTrait.php(309): Cake\ORM\Query->_execute()
#9 C:\Program Files (x86)\Ampps\www\LaurenPerez_tp1\vendor\cakephp\cakephp\src\ORM\Query.php(1074): Cake\ORM\Query->_all()
#10 C:\Program Files (x86)\Ampps\www\LaurenPerez_tp1\vendor\cakephp\cakephp\src\ORM\Association\Loader\SelectWithPivotLoader.php(168): Cake\ORM\Query->all()
#11 C:\Program Files (x86)\Ampps\www\LaurenPerez_tp1\vendor\cakephp\cakephp\src\ORM\Association\Loader\SelectLoader.php(125): Cake\ORM\Association\Loader\SelectWithPivotLoader->_buildResultMap(Object(Cake\ORM\Query), Array)
#12 C:\Program Files (x86)\Ampps\www\LaurenPerez_tp1\vendor\cakephp\cakephp\src\ORM\Association\BelongsToMany.php(585): Cake\ORM\Association\Loader\SelectLoader->buildEagerLoader(Array)
#13 C:\Program Files (x86)\Ampps\www\LaurenPerez_tp1\vendor\cakephp\cakephp\src\ORM\EagerLoader.php(702): Cake\ORM\Association\BelongsToMany->eagerLoader(Array)
#14 C:\Program Files (x86)\Ampps\www\LaurenPerez_tp1\vendor\cakephp\cakephp\src\ORM\Query.php(1127): Cake\ORM\EagerLoader->loadExternal(Object(Cake\ORM\Query), Object(Cake\Database\Statement\CallbackStatement))
#15 C:\Program Files (x86)\Ampps\www\LaurenPerez_tp1\vendor\cakephp\cakephp\src\Datasource\QueryTrait.php(309): Cake\ORM\Query->_execute()
#16 C:\Program Files (x86)\Ampps\www\LaurenPerez_tp1\vendor\cakephp\cakephp\src\ORM\Query.php(1074): Cake\ORM\Query->_all()
#17 C:\Program Files (x86)\Ampps\www\LaurenPerez_tp1\vendor\cakephp\cakephp\src\Datasource\QueryTrait.php(471): Cake\ORM\Query->all()
#18 C:\Program Files (x86)\Ampps\www\LaurenPerez_tp1\vendor\cakephp\cakephp\src\Datasource\QueryTrait.php(482): Cake\ORM\Query->first()
#19 C:\Program Files (x86)\Ampps\www\LaurenPerez_tp1\vendor\cakephp\cakephp\src\ORM\Table.php(1613): Cake\ORM\Query->firstOrFail()
#20 C:\Program Files (x86)\Ampps\www\LaurenPerez_tp1\src\Controller\AgenciesController.php(71): Cake\ORM\Table->get('5', Array)
#21 C:\Program Files (x86)\Ampps\www\LaurenPerez_tp1\vendor\cakephp\cakephp\src\Controller\Controller.php(596): App\Controller\AgenciesController->view('5')
#22 C:\Program Files (x86)\Ampps\www\LaurenPerez_tp1\vendor\cakephp\cakephp\src\Http\ActionDispatcher.php(120): Cake\Controller\Controller->invokeAction()
#23 C:\Program Files (x86)\Ampps\www\LaurenPerez_tp1\vendor\cakephp\cakephp\src\Http\ActionDispatcher.php(94): Cake\Http\ActionDispatcher->_invoke(Object(App\Controller\AgenciesController))
#24 C:\Program Files (x86)\Ampps\www\LaurenPerez_tp1\vendor\cakephp\cakephp\src\Http\BaseApplication.php(235): Cake\Http\ActionDispatcher->dispatch(Object(Cake\Http\ServerRequest), Object(Cake\Http\Response))
#25 C:\Program Files (x86)\Ampps\www\LaurenPerez_tp1\vendor\cakephp\cakephp\src\Http\Runner.php(65): Cake\Http\BaseApplication->__invoke(Object(Cake\Http\ServerRequest), Object(Cake\Http\Response), Object(Cake\Http\Runner))
#26 C:\Program Files (x86)\Ampps\www\LaurenPerez_tp1\vendor\cakephp\cakephp\src\Http\Middleware\CsrfProtectionMiddleware.php(107): Cake\Http\Runner->__invoke(Object(Cake\Http\ServerRequest), Object(Cake\Http\Response))
#27 C:\Program Files (x86)\Ampps\www\LaurenPerez_tp1\vendor\cakephp\cakephp\src\Http\Runner.php(65): Cake\Http\Middleware\CsrfProtectionMiddleware->__invoke(Object(Cake\Http\ServerRequest), Object(Cake\Http\Response), Object(Cake\Http\Runner))
#28 C:\Program Files (x86)\Ampps\www\LaurenPerez_tp1\vendor\cakephp\cakephp\src\Routing\Middleware\RoutingMiddleware.php(156): Cake\Http\Runner->__invoke(Object(Cake\Http\ServerRequest), Object(Cake\Http\Response))
#29 C:\Program Files (x86)\Ampps\www\LaurenPerez_tp1\vendor\cakephp\cakephp\src\Http\Runner.php(65): Cake\Routing\Middleware\RoutingMiddleware->__invoke(Object(Cake\Http\ServerRequest), Object(Cake\Http\Response), Object(Cake\Http\Runner))
#30 C:\Program Files (x86)\Ampps\www\LaurenPerez_tp1\vendor\cakephp\cakephp\src\Routing\Middleware\AssetMiddleware.php(88): Cake\Http\Runner->__invoke(Object(Cake\Http\ServerRequest), Object(Cake\Http\Response))
#31 C:\Program Files (x86)\Ampps\www\LaurenPerez_tp1\vendor\cakephp\cakephp\src\Http\Runner.php(65): Cake\Routing\Middleware\AssetMiddleware->__invoke(Object(Cake\Http\ServerRequest), Object(Cake\Http\Response), Object(Cake\Http\Runner))
#32 C:\Program Files (x86)\Ampps\www\LaurenPerez_tp1\vendor\cakephp\cakephp\src\Error\Middleware\ErrorHandlerMiddleware.php(98): Cake\Http\Runner->__invoke(Object(Cake\Http\ServerRequest), Object(Cake\Http\Response))
#33 C:\Program Files (x86)\Ampps\www\LaurenPerez_tp1\vendor\cakephp\cakephp\src\Http\Runner.php(65): Cake\Error\Middleware\ErrorHandlerMiddleware->__invoke(Object(Cake\Http\ServerRequest), Object(Cake\Http\Response), Object(Cake\Http\Runner))
#34 C:\Program Files (x86)\Ampps\www\LaurenPerez_tp1\vendor\cakephp\debug_kit\src\Middleware\DebugKitMiddleware.php(53): Cake\Http\Runner->__invoke(Object(Cake\Http\ServerRequest), Object(Cake\Http\Response))
#35 C:\Program Files (x86)\Ampps\www\LaurenPerez_tp1\vendor\cakephp\cakephp\src\Http\Runner.php(65): DebugKit\Middleware\DebugKitMiddleware->__invoke(Object(Cake\Http\ServerRequest), Object(Cake\Http\Response), Object(Cake\Http\Runner))
#36 C:\Program Files (x86)\Ampps\www\LaurenPerez_tp1\vendor\cakephp\cakephp\src\Http\Runner.php(51): Cake\Http\Runner->__invoke(Object(Cake\Http\ServerRequest), Object(Cake\Http\Response))
#37 C:\Program Files (x86)\Ampps\www\LaurenPerez_tp1\vendor\cakephp\cakephp\src\Http\Server.php(98): Cake\Http\Runner->run(Object(Cake\Http\MiddlewareQueue), Object(Cake\Http\ServerRequest), Object(Cake\Http\Response))
#38 C:\Program Files (x86)\Ampps\www\LaurenPerez_tp1\webroot\index.php(40): Cake\Http\Server->run()
#39 {main}


